2024-08-20 22:39:58 - Unexpected button text found: "MenuTech CareersCareer ResourcesNazmun Nahar SyedaCancelMenuTech CareersCareer ResourcesNazmun Nahar SyedaMenuTech CareersCareer ResourcesNazmun Nahar Syeda" for job ID: 7ac19667-f8f9-4b5e-ba59-f4384130eb1e
2024-08-20 22:39:58 - Unexpected button text found: "MenuTech CareersCareer ResourcesNazmun Nahar SyedaCancelMenuTech CareersCareer ResourcesNazmun Nahar SyedaMenuTech CareersCareer ResourcesNazmun Nahar Syeda" for job ID: 07942f6f-416a-4220-9149-198c15a42096
2024-08-20 22:39:58 - Unexpected button text found: "MenuTech CareersCareer ResourcesNazmun Nahar SyedaCancelMenuTech CareersCareer ResourcesNazmun Nahar SyedaMenuTech CareersCareer ResourcesNazmun Nahar Syeda" for job ID: 45b6e8e7-3230-4277-97a9-4518a8102836
2024-08-20 22:56:23 - Unexpected button text found: "MenuTech CareersCareer ResourcesNazmun Nahar SyedaCancelMenuTech CareersCareer ResourcesNazmun Nahar SyedaMenuTech CareersCareer ResourcesNazmun Nahar Syeda" for job ID: 14d759c0-8f43-4a9e-b070-e82af36d6eb5
2024-08-20 22:56:23 - Unexpected button text found: "MenuTech CareersCareer ResourcesNazmun Nahar SyedaCancelMenuTech CareersCareer ResourcesNazmun Nahar SyedaMenuTech CareersCareer ResourcesNazmun Nahar Syeda" for job ID: 25906ad2-1702-43e1-95d4-30246452761d
2024-08-20 22:56:23 - Unexpected button text found: "MenuTech CareersCareer ResourcesNazmun Nahar SyedaCancelMenuTech CareersCareer ResourcesNazmun Nahar SyedaMenuTech CareersCareer ResourcesNazmun Nahar Syeda" for job ID: a8b2ccff-3683-437d-9ef2-2d8b77db1e16
2024-08-20 22:56:23 - Unexpected button text found: "MenuTech CareersCareer ResourcesNazmun Nahar SyedaCancelMenuTech CareersCareer ResourcesNazmun Nahar SyedaMenuTech CareersCareer ResourcesNazmun Nahar Syeda" for job ID: e3fb5ba0-bfa6-46a5-b13e-af44fca84c40
2024-08-20 22:56:23 - Unexpected button text found: "MenuTech CareersCareer ResourcesNazmun Nahar SyedaCancelMenuTech CareersCareer ResourcesNazmun Nahar SyedaMenuTech CareersCareer ResourcesNazmun Nahar Syeda" for job ID: 0142d28a-4571-469c-9659-be678a0793c1
2024-08-20 22:56:23 - Unexpected button text found: "MenuTech CareersCareer ResourcesNazmun Nahar SyedaCancelMenuTech CareersCareer ResourcesNazmun Nahar SyedaMenuTech CareersCareer ResourcesNazmun Nahar Syeda" for job ID: 760e9eef-a868-4a3f-a1bf-4df614000cb4
2024-08-20 23:41:54 - Unexpected button text found: "MenuTech CareersCareer ResourcesNazmun Nahar SyedaCancelMenuTech CareersCareer ResourcesNazmun Nahar SyedaMenuTech CareersCareer ResourcesNazmun Nahar Syeda" for job ID: 89355052-24e6-4970-bb71-c81f4ac81828
2024-08-20 23:41:54 - Unexpected button text found: "MenuTech CareersCareer ResourcesNazmun Nahar SyedaCancelMenuTech CareersCareer ResourcesNazmun Nahar SyedaMenuTech CareersCareer ResourcesNazmun Nahar Syeda" for job ID: 49698f5c-0313-4006-928f-758ce4032c33
2024-08-20 23:41:54 - Unexpected button text found: "MenuTech CareersCareer ResourcesNazmun Nahar SyedaCancelMenuTech CareersCareer ResourcesNazmun Nahar SyedaMenuTech CareersCareer ResourcesNazmun Nahar Syeda" for job ID: 7ac19667-f8f9-4b5e-ba59-f4384130eb1e
2024-08-20 23:41:54 - Unexpected button text found: "MenuTech CareersCareer ResourcesNazmun Nahar SyedaCancelMenuTech CareersCareer ResourcesNazmun Nahar SyedaMenuTech CareersCareer ResourcesNazmun Nahar Syeda" for job ID: f35c67e6-a5b2-4990-a650-5e45eca83906
2024-08-20 23:41:54 - Unexpected button text found: "MenuTech CareersCareer ResourcesNazmun Nahar SyedaCancelMenuTech CareersCareer ResourcesNazmun Nahar SyedaMenuTech CareersCareer ResourcesNazmun Nahar Syeda" for job ID: 5ae25178-9a3f-43c1-91c9-188bf59d5d6f
2024-08-22 17:58:28 - Unexpected button text found: "MenuTech CareersCareer ResourcesNazmun Nahar SyedaNazmun Nahar Syeda" for job ID: 14d759c0-8f43-4a9e-b070-e82af36d6eb5
2024-08-22 18:30:18 - Unexpected button text found: "MenuTech CareersCareer ResourcesNazmun Nahar SyedaCancelMenuTech CareersCareer ResourcesNazmun Nahar SyedaMenuTech CareersCareer ResourcesNazmun Nahar Syeda" for job ID: 0142d28a-4571-469c-9659-be678a0793c1
2024-08-22 18:37:16 - Unexpected button text found: "MenuTech CareersCareer ResourcesNazmun Nahar SyedaCancelMenuTech CareersCareer ResourcesNazmun Nahar SyedaMenuTech CareersCareer ResourcesNazmun Nahar Syeda" for job ID: 7cd5e68a-2c89-4de8-bd44-f9a25f0c107a
2024-08-22 18:37:16 - Unexpected button text found: "MenuTech CareersCareer ResourcesNazmun Nahar SyedaNazmun Nahar Syeda" for job ID: d3d3538f-f023-4dc1-84f9-e64d65b0c759
2024-08-22 18:54:16 - Unexpected button text found: "MenuTech CareersCareer ResourcesNazmun Nahar SyedaCancelMenuTech CareersCareer ResourcesNazmun Nahar SyedaMenuTech CareersCareer ResourcesNazmun Nahar Syeda" for job ID: 7cd5e68a-2c89-4de8-bd44-f9a25f0c107a
2024-08-22 19:41:17 - Unexpected button text found: "MenuTech CareersCareer ResourcesNazmun Nahar SyedaCancelMenuTech CareersCareer ResourcesNazmun Nahar SyedaMenuTech CareersCareer ResourcesNazmun Nahar Syeda" for job ID: 7cd5e68a-2c89-4de8-bd44-f9a25f0c107a
2024-08-22 19:41:17 - Unexpected button text found: "MenuTech CareersCareer ResourcesNazmun Nahar SyedaNazmun Nahar Syeda" for job ID: 2a0ec076-b4a2-4623-bdcd-dee673485c1e
2024-08-23 19:37:04 - Unexpected button text found: "MenuTech CareersCareer ResourcesNazmun Nahar SyedaCancelMenuTech CareersCareer ResourcesNazmun Nahar Syeda" for job ID: 8adf28e4-4f30-4d3a-9a1a-f5df4e6a7047
2024-08-23 19:37:04 - Unexpected button text found: "Cancel" for job ID: f9606c3d-656e-4be0-ad71-a7f97bab6083
2024-08-23 19:37:04 - Unexpected button text found: "MenuTech CareersCareer ResourcesNazmun Nahar SyedaCancelMenuTech CareersCareer ResourcesNazmun Nahar Syeda" for job ID: 60f79cad-dc47-4ba6-bd17-486ecb741568
2024-08-23 19:37:04 - Unexpected button text found: "MenuTech CareersCareer ResourcesNazmun Nahar SyedaCancelMenuTech CareersCareer ResourcesNazmun Nahar SyedaMenuTech CareersCareer ResourcesNazmun Nahar Syeda" for job ID: f5c4aa47-9a60-492a-8b89-48b92781acf6
2024-08-23 19:37:04 - Unexpected button text found: "MenuTech CareersCareer ResourcesNazmun Nahar SyedaCancelMenuTech CareersCareer ResourcesNazmun Nahar SyedaMenuTech CareersCareer ResourcesNazmun Nahar Syeda" for job ID: 5a05744e-4d99-42b0-8df4-698e9cdff305
2024-08-23 19:37:04 - Unexpected button text found: "MenuTech CareersCareer ResourcesNazmun Nahar SyedaCancelMenuTech CareersCareer ResourcesNazmun Nahar SyedaMenuTech CareersCareer ResourcesNazmun Nahar Syeda" for job ID: e0da4304-77a5-465c-a72d-f404b7d7a8ac
2024-08-23 19:37:04 - Unexpected button text found: "Cancel" for job ID: a077b036-81fb-4e4f-8cee-37744931892a
2024-08-23 19:37:04 - Unexpected button text found: "MenuTech CareersCareer ResourcesNazmun Nahar SyedaCancelMenuTech CareersCareer ResourcesNazmun Nahar SyedaMenuTech CareersCareer ResourcesNazmun Nahar Syeda" for job ID: 3475a11e-848d-4218-acf6-16aa7fb1ce85
2024-08-23 19:37:04 - Unexpected button text found: "Cancel" for job ID: 99258f02-af2b-4513-8d8e-8838753a2089
2024-08-23 19:37:04 - Unexpected button text found: "MenuTech CareersCareer ResourcesNazmun Nahar SyedaCancelMenuTech CareersCareer ResourcesNazmun Nahar SyedaMenuTech CareersCareer ResourcesNazmun Nahar Syeda" for job ID: 89ee0a29-7aee-4c9e-96e4-98b781127f71
2024-08-23 19:37:04 - Unexpected button text found: "MenuTech CareersCareer ResourcesNazmun Nahar SyedaCancelMenuTech CareersCareer ResourcesNazmun Nahar SyedaMenuTech CareersCareer ResourcesNazmun Nahar Syeda" for job ID: a72c30f0-3f8c-4ce7-93b2-c8608ce4c9b6
2024-08-23 19:38:07 - Unexpected button text found: "MenuTech CareersCareer ResourcesNazmun Nahar SyedaCancelMenuTech CareersCareer ResourcesNazmun Nahar SyedaMenuTech CareersCareer ResourcesNazmun Nahar Syeda" for job ID: 6ddb49b0-1310-4b6a-953f-e00508d70a1a
2024-08-23 19:38:07 - Unexpected button text found: "Cancel" for job ID: c21c1142-2b1c-4ef4-8445-8da9262eea75
2024-08-23 19:38:07 - Unexpected button text found: "Cancel" for job ID: f7c9e989-b07e-491f-8f63-33ae64c1c984
2024-08-23 19:38:07 - Unexpected button text found: "MenuTech CareersCareer ResourcesNazmun Nahar SyedaCancelMenuTech CareersCareer ResourcesNazmun Nahar SyedaMenuTech CareersCareer ResourcesNazmun Nahar Syeda" for job ID: fed8a24b-01bc-444c-af23-da57e5335850
2024-08-23 19:38:07 - Unexpected button text found: "Cancel" for job ID: 133daca3-ae38-4fe7-9295-77f872480cd1
2024-08-23 19:38:07 - Unexpected button text found: "MenuTech CareersCareer ResourcesNazmun Nahar SyedaCancelMenuTech CareersCareer ResourcesNazmun Nahar SyedaMenuTech CareersCareer ResourcesNazmun Nahar Syeda" for job ID: c4ee2af0-8003-4bb4-85c2-3740ceac6afc
2024-08-23 19:38:07 - Unexpected button text found: "Cancel" for job ID: 3475a11e-848d-4218-acf6-16aa7fb1ce85
2024-08-23 19:38:07 - Unexpected button text found: "Cancel" for job ID: cadd2518-56aa-40da-a9a9-70b38e7a6354
2024-08-23 19:38:07 - Unexpected button text found: "MenuTech CareersCareer ResourcesNazmun Nahar SyedaCancelMenuTech CareersCareer ResourcesNazmun Nahar SyedaMenuTech CareersCareer ResourcesNazmun Nahar Syeda" for job ID: 37c7e9cb-c4d8-4e92-bce0-2a2aa8e049e3
2024-08-23 19:42:44 - Unexpected button text found: "" for job ID: 8adf28e4-4f30-4d3a-9a1a-f5df4e6a7047
2024-08-23 19:43:15 - Unexpected button text found: "MenuTech CareersCareer ResourcesNazmun Nahar SyedaCancelMenuTech CareersCareer ResourcesNazmun Nahar Syeda" for job ID: 8adf28e4-4f30-4d3a-9a1a-f5df4e6a7047
2024-08-23 19:43:15 - Unexpected button text found: "MenuTech CareersCareer ResourcesNazmun Nahar SyedaCancelMenuTech CareersCareer ResourcesNazmun Nahar SyedaMenuTech CareersCareer ResourcesNazmun Nahar Syeda" for job ID: f9606c3d-656e-4be0-ad71-a7f97bab6083
2024-08-23 19:43:15 - Unexpected button text found: "MenuTech CareersCareer ResourcesNazmun Nahar SyedaCancelMenuTech CareersCareer ResourcesNazmun Nahar SyedaMenuTech CareersCareer ResourcesNazmun Nahar Syeda" for job ID: 60f79cad-dc47-4ba6-bd17-486ecb741568
2024-08-23 19:43:15 - Unexpected button text found: "MenuTech CareersCareer ResourcesNazmun Nahar SyedaCancelMenuTech CareersCareer ResourcesNazmun Nahar SyedaMenuTech CareersCareer ResourcesNazmun Nahar Syeda" for job ID: f5c4aa47-9a60-492a-8b89-48b92781acf6
2024-08-23 19:43:15 - Unexpected button text found: "Cancel" for job ID: 5a05744e-4d99-42b0-8df4-698e9cdff305
2024-08-23 19:43:15 - Unexpected button text found: "MenuTech CareersCareer ResourcesNazmun Nahar SyedaCancelMenuTech CareersCareer ResourcesNazmun Nahar SyedaMenuTech CareersCareer ResourcesNazmun Nahar Syeda" for job ID: e0da4304-77a5-465c-a72d-f404b7d7a8ac
2024-08-23 19:43:15 - Unexpected button text found: "" for job ID: a077b036-81fb-4e4f-8cee-37744931892a
2024-08-23 19:52:48 - Unexpected button text found: "Cancel" for job ID: 8adf28e4-4f30-4d3a-9a1a-f5df4e6a7047
2024-08-23 19:52:48 - Unexpected button text found: "MenuTech CareersCareer ResourcesNazmun Nahar SyedaCancelMenuTech CareersCareer ResourcesNazmun Nahar Syeda" for job ID: f9606c3d-656e-4be0-ad71-a7f97bab6083
2024-08-23 19:52:48 - Unexpected button text found: "Cancel" for job ID: 60f79cad-dc47-4ba6-bd17-486ecb741568
2024-08-23 19:52:48 - Unexpected button text found: "Cancel" for job ID: f5c4aa47-9a60-492a-8b89-48b92781acf6
2024-08-23 19:52:48 - Unexpected button text found: "Cancel" for job ID: 5a05744e-4d99-42b0-8df4-698e9cdff305
2024-08-23 19:52:48 - Unexpected button text found: "Cancel" for job ID: e0da4304-77a5-465c-a72d-f404b7d7a8ac
2024-08-23 19:52:48 - Unexpected button text found: "MenuTech CareersCareer ResourcesNazmun Nahar SyedaCancelMenuTech CareersCareer ResourcesNazmun Nahar Syeda" for job ID: a077b036-81fb-4e4f-8cee-37744931892a
2024-08-23 19:52:48 - Unexpected button text found: "Cancel" for job ID: 3475a11e-848d-4218-acf6-16aa7fb1ce85
2024-08-23 19:52:48 - Unexpected button text found: "Cancel" for job ID: 99258f02-af2b-4513-8d8e-8838753a2089
2024-08-23 19:52:48 - Unexpected button text found: "MenuTech CareersCareer ResourcesNazmun Nahar SyedaCancelMenuTech CareersCareer ResourcesNazmun Nahar Syeda" for job ID: 89ee0a29-7aee-4c9e-96e4-98b781127f71
2024-08-23 19:52:48 - Unexpected button text found: "" for job ID: a72c30f0-3f8c-4ce7-93b2-c8608ce4c9b6
2024-08-23 19:53:27 - Unexpected button text found: "Cancel" for job ID: 6ddb49b0-1310-4b6a-953f-e00508d70a1a
2024-08-23 19:53:27 - Unexpected button text found: "Cancel" for job ID: c21c1142-2b1c-4ef4-8445-8da9262eea75
2024-08-23 19:53:27 - Unexpected button text found: "MenuTech CareersCareer ResourcesNazmun Nahar SyedaCancelMenuTech CareersCareer ResourcesNazmun Nahar Syeda" for job ID: f7c9e989-b07e-491f-8f63-33ae64c1c984
2024-08-23 19:53:27 - Unexpected button text found: "Cancel" for job ID: fed8a24b-01bc-444c-af23-da57e5335850
2024-08-23 22:12:13 - Unexpected button text found: "MenuTech CareersCareer ResourcesNazmun Nahar SyedaCancelMenuTech CareersCareer ResourcesNazmun Nahar Syeda" for job ID: 8adf28e4-4f30-4d3a-9a1a-f5df4e6a7047
2024-08-23 22:12:13 - Unexpected button text found: "Cancel" for job ID: f9606c3d-656e-4be0-ad71-a7f97bab6083
2024-08-23 22:12:13 - Unexpected button text found: "" for job ID: 60f79cad-dc47-4ba6-bd17-486ecb741568
2024-08-23 22:12:13 - Unexpected button text found: "Cancel" for job ID: f5c4aa47-9a60-492a-8b89-48b92781acf6
2024-08-23 22:12:13 - Unexpected button text found: "Cancel" for job ID: 5a05744e-4d99-42b0-8df4-698e9cdff305
2024-08-23 22:12:13 - Unexpected button text found: "Cancel" for job ID: e0da4304-77a5-465c-a72d-f404b7d7a8ac
2024-08-23 22:12:13 - Unexpected button text found: "Cancel" for job ID: a077b036-81fb-4e4f-8cee-37744931892a
2024-08-23 22:12:13 - Unexpected button text found: "MenuTech CareersCareer ResourcesNazmun Nahar SyedaCancelMenuTech CareersCareer ResourcesNazmun Nahar SyedaMenuTech CareersCareer ResourcesNazmun Nahar Syeda" for job ID: 3475a11e-848d-4218-acf6-16aa7fb1ce85
2024-08-23 22:12:13 - Unexpected button text found: "Cancel" for job ID: 99258f02-af2b-4513-8d8e-8838753a2089
2024-08-23 22:12:13 - Unexpected button text found: "Cancel" for job ID: 89ee0a29-7aee-4c9e-96e4-98b781127f71
2024-08-23 22:23:02 - Unexpected button text found: "MenuTech CareersCareer ResourcesNazmun Nahar SyedaMenuTech CareersCareer ResourcesNazmun Nahar Syeda" for job ID: 8adf28e4-4f30-4d3a-9a1a-f5df4e6a7047
2024-08-23 22:23:02 - Unexpected button text found: "MenuTech CareersCareer ResourcesNazmun Nahar SyedaCancelMenuTech CareersCareer ResourcesNazmun Nahar SyedaMenuTech CareersCareer ResourcesNazmun Nahar Syeda" for job ID: f9606c3d-656e-4be0-ad71-a7f97bab6083
2024-08-23 22:23:02 - Unexpected button text found: "Cancel" for job ID: 60f79cad-dc47-4ba6-bd17-486ecb741568
2024-08-23 22:33:13 - Unexpected button text found: "MenuTech CareersCareer ResourcesNazmun Nahar SyedaCancelMenuTech CareersCareer ResourcesNazmun Nahar SyedaMenuTech CareersCareer ResourcesNazmun Nahar Syeda" for job ID: e0da4304-77a5-465c-a72d-f404b7d7a8ac
2024-08-23 23:22:05 - Unexpected button text found: "MenuTech CareersCareer ResourcesNazmun Nahar SyedaCancelMenuTech CareersCareer ResourcesNazmun Nahar SyedaMenuTech CareersCareer ResourcesNazmun Nahar Syeda" for job ID: 7547e863-0090-4dd6-830a-ffc910dceb34
2024-08-23 23:28:28 - Unexpected button text found: "MenuTech CareersCareer ResourcesNazmun Nahar SyedaCancelMenuTech CareersCareer ResourcesNazmun Nahar SyedaMenuTech CareersCareer ResourcesNazmun Nahar Syeda" for job ID: f5c4aa47-9a60-492a-8b89-48b92781acf6
2024-08-23 23:28:28 - Unexpected button text found: "MenuTech CareersCareer ResourcesNazmun Nahar SyedaCancelMenuTech CareersCareer ResourcesNazmun Nahar SyedaMenuTech CareersCareer ResourcesNazmun Nahar Syeda" for job ID: a077b036-81fb-4e4f-8cee-37744931892a
2024-08-23 23:28:28 - Unexpected button text found: "MenuTech CareersCareer ResourcesNazmun Nahar SyedaCancelMenuTech CareersCareer ResourcesNazmun Nahar SyedaMenuTech CareersCareer ResourcesNazmun Nahar Syeda" for job ID: 99258f02-af2b-4513-8d8e-8838753a2089
2024-08-23 23:28:28 - Unexpected button text found: "MenuTech CareersCareer ResourcesNazmun Nahar SyedaCancelMenuTech CareersCareer ResourcesNazmun Nahar SyedaMenuTech CareersCareer ResourcesNazmun Nahar Syeda" for job ID: 89ee0a29-7aee-4c9e-96e4-98b781127f71
2024-08-23 23:28:28 - Unexpected button text found: "MenuTech CareersCareer ResourcesNazmun Nahar SyedaCancelMenuTech CareersCareer ResourcesNazmun Nahar SyedaMenuTech CareersCareer ResourcesNazmun Nahar Syeda" for job ID: a72c30f0-3f8c-4ce7-93b2-c8608ce4c9b6
2024-08-23 23:31:58 - Unexpected button text found: "MenuTech CareersCareer ResourcesNazmun Nahar SyedaCancelMenuTech CareersCareer ResourcesNazmun Nahar SyedaMenuTech CareersCareer ResourcesNazmun Nahar Syeda" for job ID: c21c1142-2b1c-4ef4-8445-8da9262eea75
2024-08-23 23:31:58 - Unexpected button text found: "MenuTech CareersCareer ResourcesNazmun Nahar SyedaCancelMenuTech CareersCareer ResourcesNazmun Nahar SyedaMenuTech CareersCareer ResourcesNazmun Nahar Syeda" for job ID: f7c9e989-b07e-491f-8f63-33ae64c1c984
2024-08-23 23:39:26 - Unexpected button text found: "MenuTech CareersCareer ResourcesNazmun Nahar SyedaApply nowCancelMenuTech CareersCareer ResourcesNazmun Nahar SyedaMenuTech CareersCareer ResourcesNazmun Nahar Syeda" for job ID: 89ee0a29-7aee-4c9e-96e4-98b781127f71
2024-08-23 23:43:37 - Unexpected button text found: "MenuTech CareersCareer ResourcesNazmun Nahar SyedaCancelMenuTech CareersCareer ResourcesNazmun Nahar SyedaMenuTech CareersCareer ResourcesNazmun Nahar Syeda" for job ID: c4ee2af0-8003-4bb4-85c2-3740ceac6afc
2024-08-23 23:43:37 - Unexpected button text found: "MenuTech CareersCareer ResourcesNazmun Nahar SyedaCancelMenuTech CareersCareer ResourcesNazmun Nahar SyedaMenuTech CareersCareer ResourcesNazmun Nahar Syeda" for job ID: 3475a11e-848d-4218-acf6-16aa7fb1ce85
2024-08-23 23:43:37 - Unexpected button text found: "MenuTech CareersCareer ResourcesNazmun Nahar SyedaCancelMenuTech CareersCareer ResourcesNazmun Nahar SyedaMenuTech CareersCareer ResourcesNazmun Nahar Syeda" for job ID: cadd2518-56aa-40da-a9a9-70b38e7a6354
2024-08-23 23:43:37 - Unexpected button text found: "MenuTech CareersCareer ResourcesNazmun Nahar SyedaCancelMenuTech CareersCareer ResourcesNazmun Nahar SyedaMenuTech CareersCareer ResourcesNazmun Nahar Syeda" for job ID: 37c7e9cb-c4d8-4e92-bce0-2a2aa8e049e3
2024-08-23 23:43:37 - Unexpected button text found: "MenuTech CareersCareer ResourcesNazmun Nahar SyedaCancelMenuTech CareersCareer ResourcesNazmun Nahar SyedaMenuTech CareersCareer ResourcesNazmun Nahar Syeda" for job ID: 99258f02-af2b-4513-8d8e-8838753a2089
2024-08-23 23:43:37 - Unexpected button text found: "MenuTech CareersCareer ResourcesNazmun Nahar SyedaCancelMenuTech CareersCareer ResourcesNazmun Nahar SyedaMenuTech CareersCareer ResourcesNazmun Nahar Syeda" for job ID: 56003867-9f58-48a2-b2f9-3a7865c48a0a
2024-08-23 23:43:37 - Unexpected button text found: "MenuTech CareersCareer ResourcesNazmun Nahar SyedaCancelMenuTech CareersCareer ResourcesNazmun Nahar SyedaMenuTech CareersCareer ResourcesNazmun Nahar Syeda" for job ID: c3d0f6b1-b173-4d50-851c-c3a5e79c5fed
2024-08-23 23:43:37 - Unexpected button text found: "MenuTech CareersCareer ResourcesNazmun Nahar SyedaCancelMenuTech CareersCareer ResourcesNazmun Nahar SyedaMenuTech CareersCareer ResourcesNazmun Nahar Syeda" for job ID: 3bacc021-9035-4273-9820-8ba82afc1b94
2024-08-23 23:43:37 - Unexpected button text found: "MenuTech CareersCareer ResourcesNazmun Nahar SyedaCancelMenuTech CareersCareer ResourcesNazmun Nahar SyedaMenuTech CareersCareer ResourcesNazmun Nahar Syeda" for job ID: 3a9e9bd9-0f1d-440b-96fc-85446b751ba6
2024-08-23 23:43:37 - Unexpected button text found: "MenuTech CareersCareer ResourcesNazmun Nahar SyedaCancelMenuTech CareersCareer ResourcesNazmun Nahar SyedaMenuTech CareersCareer ResourcesNazmun Nahar Syeda" for job ID: f5c4aa47-9a60-492a-8b89-48b92781acf6
2024-08-23 23:51:46 - Unexpected button text found: "MenuTech CareersCareer ResourcesNazmun Nahar SyedaCancelMenuTech CareersCareer ResourcesNazmun Nahar SyedaMenuTech CareersCareer ResourcesNazmun Nahar Syeda" for job ID: 5a05744e-4d99-42b0-8df4-698e9cdff305
2024-08-23 23:51:46 - Unexpected button text found: "MenuTech CareersCareer ResourcesNazmun Nahar SyedaCancelMenuTech CareersCareer ResourcesNazmun Nahar SyedaMenuTech CareersCareer ResourcesNazmun Nahar Syeda" for job ID: 7fd6972f-5732-463a-9014-1f07a99ecaf5
2024-08-23 23:52:47 - Unexpected button text found: "MenuTech CareersCareer ResourcesNazmun Nahar SyedaCancelMenuTech CareersCareer ResourcesNazmun Nahar SyedaMenuTech CareersCareer ResourcesNazmun Nahar Syeda" for job ID: 58df0d82-3049-49fc-b91a-fd165140989b
2024-08-23 23:52:47 - Unexpected button text found: "MenuTech CareersCareer ResourcesNazmun Nahar SyedaCancelMenuTech CareersCareer ResourcesNazmun Nahar SyedaMenuTech CareersCareer ResourcesNazmun Nahar Syeda" for job ID: 6e112074-1b4b-4d0d-b15c-582a1f2a8b2d
2024-08-23 23:52:47 - Unexpected button text found: "MenuTech CareersCareer ResourcesNazmun Nahar SyedaCancelMenuTech CareersCareer ResourcesNazmun Nahar SyedaMenuTech CareersCareer ResourcesNazmun Nahar Syeda" for job ID: cf3291c3-f9aa-4a2b-aeeb-cd7024d8c5d6
