2024-08-20 22:31:25 - Application already submitted for job ID: 997d2c90-e338-422b-937f-227bad78a3f2
2024-08-20 22:31:25 - Application already submitted for job ID: 0ed09c12-5218-42b1-a348-1aa5834e2c59
2024-08-20 22:31:25 - Application already submitted for job ID: f9cd4329-a95d-468e-8eb0-9a0b7dc2699e
2024-08-20 22:31:25 - Application already submitted for job ID: 099f4ca2-4008-4dfb-9109-86f306023147
2024-08-20 22:31:25 - Application already submitted for job ID: 675b6126-1867-408c-af16-2f36aa964d14
2024-08-20 22:31:25 - Application already submitted for job ID: 35243b15-57d2-4bda-ab99-234aa7478b82
2024-08-20 22:31:25 - Sorry, this job is no longer available for job ID: 8fb38df1-16ee-490d-b4c7-66732268c941
2024-08-20 22:31:25 - Sorry, this job is no longer available for job ID: c78f0a29-87f9-413b-b737-2bbdb52219f5
2024-08-20 22:31:25 - Sorry, this job is no longer available for job ID: 69553c95-e1a4-43c4-858f-6e121f430cbe
2024-08-20 22:31:25 - Sorry, this job is no longer available for job ID: 360b84dd-6aeb-4bb3-bfb9-5774060e2827
2024-08-20 22:31:25 - Sorry, this job is no longer available for job ID: 30d6bdd4-e101-4ab3-a657-66a12dc9ff25
2024-08-20 22:31:25 - Application already submitted for job ID: 099226b2-cb55-41ca-951c-506cbceeb700
2024-08-20 22:31:25 - Sorry, this job is no longer available for job ID: d45733a3-abc9-4c2a-931f-b4103bd37723
2024-08-20 22:31:25 - Sorry, this job is no longer available for job ID: 3fb3e078-33b9-4f9c-b2fa-854f42dbffe4
2024-08-20 22:31:25 - Sorry, this job is no longer available for job ID: 911a0337-b316-419a-abab-087170799486
2024-08-20 22:31:25 - Sorry, this job is no longer available for job ID: c7ea2d73-1454-467b-ab81-d84f59d77f88
2024-08-20 22:31:25 - Sorry, this job is no longer available for job ID: 36f59e59-aa7d-434a-afa6-5e4bcde3862e
2024-08-20 22:31:25 - Sorry, this job is no longer available for job ID: dac39817-82da-46b8-bff0-92d9f095bc58
2024-08-20 22:31:25 - Application already submitted for job ID: 4d830eb8-a7e1-4fe1-9fd2-fbe269b55b0b
2024-08-20 22:31:25 - Sorry, this job is no longer available for job ID: ad7223de-149c-4e82-9f16-12ce211a7f98
2024-08-20 22:34:10 - Application already submitted for job ID: a5477adb-4f51-45ba-a436-aa80183a92e1
2024-08-20 22:34:10 - Application already submitted for job ID: ebd68f3b-a097-4769-aa1c-a7c95fe70c64
2024-08-20 22:34:10 - Application already submitted for job ID: 2784d3f2-742e-415b-8acc-d7d03427ca49
2024-08-20 22:34:10 - Application already submitted for job ID: dc7de9e5-51aa-4b97-83d5-78c38c8fe581
2024-08-20 22:34:10 - Application already submitted for job ID: ef649c87-97c7-4968-a67e-66d084eec37b
2024-08-20 22:34:10 - Application already submitted for job ID: be839d85-2973-438f-a4f9-bce6b0dcefda
2024-08-20 22:34:10 - Application already submitted for job ID: 091f247a-1895-45d9-b53c-1d4fb10fd16c
2024-08-20 22:34:10 - Sorry, this job is no longer available for job ID: 2c8ecfc7-5b20-40ad-958f-52e492e7f0dc
2024-08-20 22:34:10 - Sorry, this job is no longer available for job ID: 244dcf38-1a72-400d-b532-78681571dd5e
2024-08-20 22:34:10 - Sorry, this job is no longer available for job ID: 026cad55-e4d9-4797-a2ff-8afebad33e45
2024-08-20 22:34:10 - Sorry, this job is no longer available for job ID: 239eb449-2baa-416d-8d29-188b35fc16f1
2024-08-20 22:34:10 - Sorry, this job is no longer available for job ID: f92c69f7-0aea-47ac-b801-bcf9ff89e4bf
2024-08-20 22:34:10 - Application already submitted for job ID: 7ffb6721-0843-4e42-a635-e94d8b7927ac
2024-08-20 22:34:10 - Application already submitted for job ID: c116a4b1-4575-4a57-9073-310676d4ef48
2024-08-20 22:34:10 - Application already submitted for job ID: f7aee251-b978-421f-8733-19eca4b2a12b
2024-08-20 22:34:10 - Application already submitted for job ID: 64c0184e-07bd-4e78-8c70-cb9ac64ca10e
2024-08-20 22:34:10 - Application already submitted for job ID: 49ff0c35-8a29-4872-9398-da30331ea9c7
2024-08-20 22:34:10 - Easy apply button found for job ID: 8b995daf-c243-488a-84f6-b481a4206fbe
2024-08-20 22:34:10 - Job with ID 8b995daf-c243-488a-84f6-b481a4206fbe applied successfully.
2024-08-20 22:34:10 - Sorry, this job is no longer available for job ID: a1dd4f24-3ff0-4457-a88c-8d55486440c1
2024-08-20 22:34:10 - Easy apply button found for job ID: 20d10e79-36ac-4997-a9f2-51a45c51f7db
2024-08-20 22:34:10 - Job with ID 20d10e79-36ac-4997-a9f2-51a45c51f7db applied successfully.
2024-08-20 22:39:58 - Easy apply button found for job ID: 89355052-24e6-4970-bb71-c81f4ac81828
2024-08-20 22:39:58 - Job with ID 89355052-24e6-4970-bb71-c81f4ac81828 applied successfully.
2024-08-20 22:39:58 - Application already submitted for job ID: dfd43692-120b-446e-8394-2b694c75da8c
2024-08-20 22:39:58 - Easy apply button found for job ID: 49698f5c-0313-4006-928f-758ce4032c33
2024-08-20 22:39:58 - Job with ID 49698f5c-0313-4006-928f-758ce4032c33 applied successfully.
2024-08-20 22:39:58 - Easy apply button found for job ID: e8823c58-f012-41a5-9550-e8820f0fa323
2024-08-20 22:39:58 - Job with ID e8823c58-f012-41a5-9550-e8820f0fa323 applied successfully.
2024-08-20 22:39:58 - Sorry, this job is no longer available for job ID: 512cde47-cc25-46e7-ab8b-c8c07724c370
2024-08-20 22:39:58 - Sorry, this job is no longer available for job ID: bd7a04d7-d9a5-4e25-8e3f-0deabdff36c7
2024-08-20 22:39:58 - Easy apply button found for job ID: 15bef507-0750-4321-9489-18d44765f4a6
2024-08-20 22:39:58 - Job with ID 15bef507-0750-4321-9489-18d44765f4a6 applied successfully.
2024-08-20 22:39:58 - Easy apply button found for job ID: f35c67e6-a5b2-4990-a650-5e45eca83906
2024-08-20 22:39:58 - Job with ID f35c67e6-a5b2-4990-a650-5e45eca83906 applied successfully.
2024-08-20 22:39:58 - Easy apply button found for job ID: 5ae25178-9a3f-43c1-91c9-188bf59d5d6f
2024-08-20 22:39:58 - Job with ID 5ae25178-9a3f-43c1-91c9-188bf59d5d6f applied successfully.
2024-08-20 22:39:58 - Easy apply button found for job ID: 8381cdc5-546c-417c-a699-df7e7d5f14a1
2024-08-20 22:39:58 - Job with ID 8381cdc5-546c-417c-a699-df7e7d5f14a1 applied successfully.
2024-08-20 22:39:58 - Easy apply button found for job ID: 2732716a-e216-438e-bafc-ed371f12fa08
2024-08-20 22:39:58 - Job with ID 2732716a-e216-438e-bafc-ed371f12fa08 applied successfully.
2024-08-20 22:39:58 - Sorry, this job is no longer available for job ID: 9105c965-cd15-4e0c-86ab-bd84e7259199
2024-08-20 22:39:58 - Sorry, this job is no longer available for job ID: 3fe42fb6-3696-4792-9e14-43c76b9301fd
2024-08-20 22:39:58 - Easy apply button found for job ID: ebe91f6e-2173-47b5-a5d7-461a5a071e3b
2024-08-20 22:39:58 - Job with ID ebe91f6e-2173-47b5-a5d7-461a5a071e3b applied successfully.
2024-08-20 22:39:58 - Easy apply button found for job ID: a561e1cb-800c-4e51-b1fc-7ff8d54b3bdc
2024-08-20 22:39:58 - Job with ID a561e1cb-800c-4e51-b1fc-7ff8d54b3bdc applied successfully.
2024-08-20 22:39:58 - Sorry, this job is no longer available for job ID: dd0dba7d-03a8-4150-989a-6ce252d416b3
2024-08-20 22:39:58 - Sorry, this job is no longer available for job ID: b6b28a0e-f7b1-4d8d-8127-12d4b91ce721
2024-08-20 22:56:23 - Sorry, this job is no longer available for job ID: 064ecfd4-873e-4313-a7f8-b63119c73ebd
2024-08-20 22:56:23 - Sorry, this job is no longer available for job ID: 06938962-c1d9-44ce-8863-7b00a1e37122
2024-08-20 22:56:23 - Sorry, this job is no longer available for job ID: 6ee50859-75e2-4c62-aed8-4b9a88845c81
2024-08-20 22:56:23 - Sorry, this job is no longer available for job ID: 95783b3f-e5e6-4a04-a168-25bbf2bf51a1
2024-08-20 23:13:39 - Application already submitted for job ID: 997d2c90-e338-422b-937f-227bad78a3f2
2024-08-20 23:13:39 - Application already submitted for job ID: 0ed09c12-5218-42b1-a348-1aa5834e2c59
2024-08-20 23:13:39 - Application already submitted for job ID: f9cd4329-a95d-468e-8eb0-9a0b7dc2699e
2024-08-20 23:13:39 - Application already submitted for job ID: 099f4ca2-4008-4dfb-9109-86f306023147
2024-08-20 23:13:39 - Application already submitted for job ID: 675b6126-1867-408c-af16-2f36aa964d14
2024-08-20 23:13:39 - Application already submitted for job ID: 35243b15-57d2-4bda-ab99-234aa7478b82
2024-08-20 23:13:39 - Sorry, this job is no longer available for job ID: 8fb38df1-16ee-490d-b4c7-66732268c941
2024-08-20 23:13:39 - Sorry, this job is no longer available for job ID: c78f0a29-87f9-413b-b737-2bbdb52219f5
2024-08-20 23:13:39 - Sorry, this job is no longer available for job ID: 69553c95-e1a4-43c4-858f-6e121f430cbe
2024-08-20 23:13:39 - Sorry, this job is no longer available for job ID: 360b84dd-6aeb-4bb3-bfb9-5774060e2827
2024-08-20 23:13:39 - Sorry, this job is no longer available for job ID: 30d6bdd4-e101-4ab3-a657-66a12dc9ff25
2024-08-20 23:13:39 - Application already submitted for job ID: 099226b2-cb55-41ca-951c-506cbceeb700
2024-08-20 23:13:39 - Sorry, this job is no longer available for job ID: d45733a3-abc9-4c2a-931f-b4103bd37723
2024-08-20 23:13:39 - Sorry, this job is no longer available for job ID: 3fb3e078-33b9-4f9c-b2fa-854f42dbffe4
2024-08-20 23:13:39 - Sorry, this job is no longer available for job ID: 911a0337-b316-419a-abab-087170799486
2024-08-20 23:13:39 - Sorry, this job is no longer available for job ID: c7ea2d73-1454-467b-ab81-d84f59d77f88
2024-08-20 23:13:39 - Sorry, this job is no longer available for job ID: 36f59e59-aa7d-434a-afa6-5e4bcde3862e
2024-08-20 23:13:39 - Sorry, this job is no longer available for job ID: dac39817-82da-46b8-bff0-92d9f095bc58
2024-08-20 23:13:39 - Application already submitted for job ID: 4d830eb8-a7e1-4fe1-9fd2-fbe269b55b0b
2024-08-20 23:13:39 - Sorry, this job is no longer available for job ID: ad7223de-149c-4e82-9f16-12ce211a7f98
2024-08-20 23:16:24 - Application already submitted for job ID: a5477adb-4f51-45ba-a436-aa80183a92e1
2024-08-20 23:16:24 - Application already submitted for job ID: ebd68f3b-a097-4769-aa1c-a7c95fe70c64
2024-08-20 23:31:24 - Application already submitted for job ID: 997d2c90-e338-422b-937f-227bad78a3f2
2024-08-20 23:31:24 - Application already submitted for job ID: 0ed09c12-5218-42b1-a348-1aa5834e2c59
2024-08-20 23:31:24 - Application already submitted for job ID: f9cd4329-a95d-468e-8eb0-9a0b7dc2699e
2024-08-20 23:31:24 - Application already submitted for job ID: 099f4ca2-4008-4dfb-9109-86f306023147
2024-08-20 23:31:24 - Application already submitted for job ID: 675b6126-1867-408c-af16-2f36aa964d14
2024-08-20 23:31:24 - Application already submitted for job ID: 35243b15-57d2-4bda-ab99-234aa7478b82
2024-08-20 23:31:24 - Sorry, this job is no longer available for job ID: 8fb38df1-16ee-490d-b4c7-66732268c941
2024-08-20 23:31:24 - Sorry, this job is no longer available for job ID: c78f0a29-87f9-413b-b737-2bbdb52219f5
2024-08-20 23:31:24 - Sorry, this job is no longer available for job ID: 69553c95-e1a4-43c4-858f-6e121f430cbe
2024-08-20 23:31:24 - Sorry, this job is no longer available for job ID: 360b84dd-6aeb-4bb3-bfb9-5774060e2827
2024-08-20 23:31:24 - Sorry, this job is no longer available for job ID: 30d6bdd4-e101-4ab3-a657-66a12dc9ff25
2024-08-20 23:31:24 - Application already submitted for job ID: 099226b2-cb55-41ca-951c-506cbceeb700
2024-08-20 23:31:24 - Sorry, this job is no longer available for job ID: d45733a3-abc9-4c2a-931f-b4103bd37723
2024-08-20 23:31:24 - Sorry, this job is no longer available for job ID: 3fb3e078-33b9-4f9c-b2fa-854f42dbffe4
2024-08-20 23:31:24 - Sorry, this job is no longer available for job ID: 911a0337-b316-419a-abab-087170799486
2024-08-20 23:31:24 - Sorry, this job is no longer available for job ID: c7ea2d73-1454-467b-ab81-d84f59d77f88
2024-08-20 23:31:24 - Sorry, this job is no longer available for job ID: 36f59e59-aa7d-434a-afa6-5e4bcde3862e
2024-08-20 23:31:24 - Sorry, this job is no longer available for job ID: dac39817-82da-46b8-bff0-92d9f095bc58
2024-08-20 23:31:24 - Application already submitted for job ID: 4d830eb8-a7e1-4fe1-9fd2-fbe269b55b0b
2024-08-20 23:31:24 - Sorry, this job is no longer available for job ID: ad7223de-149c-4e82-9f16-12ce211a7f98
2024-08-20 23:34:43 - Application already submitted for job ID: 997d2c90-e338-422b-937f-227bad78a3f2
2024-08-20 23:34:43 - Application already submitted for job ID: 0ed09c12-5218-42b1-a348-1aa5834e2c59
2024-08-20 23:34:43 - Application already submitted for job ID: f9cd4329-a95d-468e-8eb0-9a0b7dc2699e
2024-08-20 23:34:43 - Application already submitted for job ID: 099f4ca2-4008-4dfb-9109-86f306023147
2024-08-20 23:34:43 - Application already submitted for job ID: 675b6126-1867-408c-af16-2f36aa964d14
2024-08-20 23:34:43 - Application already submitted for job ID: 35243b15-57d2-4bda-ab99-234aa7478b82
2024-08-20 23:34:43 - Sorry, this job is no longer available for job ID: 8fb38df1-16ee-490d-b4c7-66732268c941
2024-08-20 23:34:43 - Sorry, this job is no longer available for job ID: c78f0a29-87f9-413b-b737-2bbdb52219f5
2024-08-20 23:34:43 - Sorry, this job is no longer available for job ID: 69553c95-e1a4-43c4-858f-6e121f430cbe
2024-08-20 23:34:43 - Sorry, this job is no longer available for job ID: 360b84dd-6aeb-4bb3-bfb9-5774060e2827
2024-08-20 23:34:43 - Sorry, this job is no longer available for job ID: 30d6bdd4-e101-4ab3-a657-66a12dc9ff25
2024-08-20 23:34:43 - Application already submitted for job ID: 099226b2-cb55-41ca-951c-506cbceeb700
2024-08-20 23:34:43 - Sorry, this job is no longer available for job ID: d45733a3-abc9-4c2a-931f-b4103bd37723
2024-08-20 23:34:43 - Sorry, this job is no longer available for job ID: 3fb3e078-33b9-4f9c-b2fa-854f42dbffe4
2024-08-20 23:34:43 - Sorry, this job is no longer available for job ID: 911a0337-b316-419a-abab-087170799486
2024-08-20 23:34:43 - Sorry, this job is no longer available for job ID: c7ea2d73-1454-467b-ab81-d84f59d77f88
2024-08-20 23:34:43 - Sorry, this job is no longer available for job ID: 36f59e59-aa7d-434a-afa6-5e4bcde3862e
2024-08-20 23:34:43 - Sorry, this job is no longer available for job ID: dac39817-82da-46b8-bff0-92d9f095bc58
2024-08-20 23:34:43 - Application already submitted for job ID: 4d830eb8-a7e1-4fe1-9fd2-fbe269b55b0b
2024-08-20 23:34:43 - Sorry, this job is no longer available for job ID: ad7223de-149c-4e82-9f16-12ce211a7f98
2024-08-20 23:37:27 - Application already submitted for job ID: a5477adb-4f51-45ba-a436-aa80183a92e1
2024-08-20 23:37:27 - Application already submitted for job ID: ebd68f3b-a097-4769-aa1c-a7c95fe70c64
2024-08-20 23:37:27 - Application already submitted for job ID: 2784d3f2-742e-415b-8acc-d7d03427ca49
2024-08-20 23:37:27 - Application already submitted for job ID: dc7de9e5-51aa-4b97-83d5-78c38c8fe581
2024-08-20 23:37:27 - Application already submitted for job ID: ef649c87-97c7-4968-a67e-66d084eec37b
2024-08-20 23:37:27 - Application already submitted for job ID: be839d85-2973-438f-a4f9-bce6b0dcefda
2024-08-20 23:37:27 - Application already submitted for job ID: 091f247a-1895-45d9-b53c-1d4fb10fd16c
2024-08-20 23:37:27 - Sorry, this job is no longer available for job ID: 2c8ecfc7-5b20-40ad-958f-52e492e7f0dc
2024-08-20 23:37:27 - Sorry, this job is no longer available for job ID: 244dcf38-1a72-400d-b532-78681571dd5e
2024-08-20 23:37:27 - Sorry, this job is no longer available for job ID: 026cad55-e4d9-4797-a2ff-8afebad33e45
2024-08-20 23:37:27 - Sorry, this job is no longer available for job ID: 239eb449-2baa-416d-8d29-188b35fc16f1
2024-08-20 23:37:27 - Sorry, this job is no longer available for job ID: f92c69f7-0aea-47ac-b801-bcf9ff89e4bf
2024-08-20 23:37:27 - Application already submitted for job ID: 7ffb6721-0843-4e42-a635-e94d8b7927ac
2024-08-20 23:37:27 - Application already submitted for job ID: c116a4b1-4575-4a57-9073-310676d4ef48
2024-08-20 23:37:27 - Application already submitted for job ID: f7aee251-b978-421f-8733-19eca4b2a12b
2024-08-20 23:37:27 - Application already submitted for job ID: 64c0184e-07bd-4e78-8c70-cb9ac64ca10e
2024-08-20 23:37:27 - Application already submitted for job ID: 49ff0c35-8a29-4872-9398-da30331ea9c7
2024-08-20 23:37:27 - Application already submitted for job ID: 8b995daf-c243-488a-84f6-b481a4206fbe
2024-08-20 23:37:27 - Sorry, this job is no longer available for job ID: a1dd4f24-3ff0-4457-a88c-8d55486440c1
2024-08-20 23:37:27 - Application already submitted for job ID: 20d10e79-36ac-4997-a9f2-51a45c51f7db
2024-08-20 23:41:54 - Application already submitted for job ID: dfd43692-120b-446e-8394-2b694c75da8c
2024-08-20 23:41:54 - Application already submitted for job ID: e8823c58-f012-41a5-9550-e8820f0fa323
2024-08-20 23:41:54 - Sorry, this job is no longer available for job ID: 512cde47-cc25-46e7-ab8b-c8c07724c370
2024-08-20 23:41:54 - Sorry, this job is no longer available for job ID: bd7a04d7-d9a5-4e25-8e3f-0deabdff36c7
2024-08-20 23:41:54 - Application already submitted for job ID: 15bef507-0750-4321-9489-18d44765f4a6
2024-08-20 23:41:54 - Application already submitted for job ID: 07942f6f-416a-4220-9149-198c15a42096
2024-08-20 23:41:54 - Application already submitted for job ID: 8381cdc5-546c-417c-a699-df7e7d5f14a1
2024-08-21 19:56:39 - Application already submitted for job ID: 997d2c90-e338-422b-937f-227bad78a3f2
2024-08-21 19:56:39 - Application already submitted for job ID: 0ed09c12-5218-42b1-a348-1aa5834e2c59
2024-08-21 20:00:11 - Sorry, this job is no longer available for job ID: 064ecfd4-873e-4313-a7f8-b63119c73ebd
2024-08-21 20:00:11 - Easy apply button found for job ID: 14d759c0-8f43-4a9e-b070-e82af36d6eb5
2024-08-21 20:00:11 - Job with ID 14d759c0-8f43-4a9e-b070-e82af36d6eb5 applied successfully.
2024-08-21 20:00:11 - Sorry, this job is no longer available for job ID: 06938962-c1d9-44ce-8863-7b00a1e37122
2024-08-21 20:01:30 - Sorry, this job is no longer available for job ID: 064ecfd4-873e-4313-a7f8-b63119c73ebd
2024-08-21 20:01:30 - Application already submitted for job ID: 14d759c0-8f43-4a9e-b070-e82af36d6eb5
2024-08-21 20:01:30 - Sorry, this job is no longer available for job ID: 06938962-c1d9-44ce-8863-7b00a1e37122
2024-08-21 20:01:30 - Easy apply button found for job ID: 25906ad2-1702-43e1-95d4-30246452761d
2024-08-21 20:01:30 - Job with ID 25906ad2-1702-43e1-95d4-30246452761d applied successfully.
2024-08-21 20:01:30 - Easy apply button found for job ID: a8b2ccff-3683-437d-9ef2-2d8b77db1e16
2024-08-21 20:01:30 - Job with ID a8b2ccff-3683-437d-9ef2-2d8b77db1e16 applied successfully.
2024-08-21 20:01:30 - Sorry, this job is no longer available for job ID: 6ee50859-75e2-4c62-aed8-4b9a88845c81
2024-08-21 20:01:30 - Sorry, this job is no longer available for job ID: 95783b3f-e5e6-4a04-a168-25bbf2bf51a1
2024-08-21 20:01:30 - Easy apply button found for job ID: e3fb5ba0-bfa6-46a5-b13e-af44fca84c40
2024-08-21 20:01:30 - Job with ID e3fb5ba0-bfa6-46a5-b13e-af44fca84c40 applied successfully.
2024-08-21 20:01:30 - Easy apply button found for job ID: 0142d28a-4571-469c-9659-be678a0793c1
2024-08-21 20:01:30 - Job with ID 0142d28a-4571-469c-9659-be678a0793c1 applied successfully.
2024-08-21 20:05:33 - Sorry, this job is no longer available for job ID: 064ecfd4-873e-4313-a7f8-b63119c73ebd
2024-08-21 20:05:43 - Sorry, this job is no longer available for job ID: 064ecfd4-873e-4313-a7f8-b63119c73ebd
2024-08-21 20:05:47 - Sorry, this job is no longer available for job ID: 064ecfd4-873e-4313-a7f8-b63119c73ebd
2024-08-21 20:05:54 - Sorry, this job is no longer available for job ID: 064ecfd4-873e-4313-a7f8-b63119c73ebd
2024-08-21 20:05:54 - Application already submitted for job ID: 14d759c0-8f43-4a9e-b070-e82af36d6eb5
2024-08-21 20:05:54 - Sorry, this job is no longer available for job ID: 06938962-c1d9-44ce-8863-7b00a1e37122
2024-08-21 20:05:54 - Application already submitted for job ID: 25906ad2-1702-43e1-95d4-30246452761d
2024-08-21 20:05:54 - Application already submitted for job ID: a8b2ccff-3683-437d-9ef2-2d8b77db1e16
2024-08-21 20:05:54 - Sorry, this job is no longer available for job ID: 6ee50859-75e2-4c62-aed8-4b9a88845c81
2024-08-21 20:05:54 - Sorry, this job is no longer available for job ID: 95783b3f-e5e6-4a04-a168-25bbf2bf51a1
2024-08-21 20:05:54 - Application already submitted for job ID: e3fb5ba0-bfa6-46a5-b13e-af44fca84c40
2024-08-21 20:05:54 - Application already submitted for job ID: 0142d28a-4571-469c-9659-be678a0793c1
2024-08-21 20:07:39 - Sorry, this job is no longer available for job ID: 064ecfd4-873e-4313-a7f8-b63119c73ebd
2024-08-21 20:07:39 - Application already submitted for job ID: 14d759c0-8f43-4a9e-b070-e82af36d6eb5
2024-08-21 20:07:39 - Sorry, this job is no longer available for job ID: 06938962-c1d9-44ce-8863-7b00a1e37122
2024-08-21 20:07:39 - Application already submitted for job ID: 25906ad2-1702-43e1-95d4-30246452761d
2024-08-21 20:07:39 - Application already submitted for job ID: a8b2ccff-3683-437d-9ef2-2d8b77db1e16
2024-08-21 20:07:39 - Sorry, this job is no longer available for job ID: 6ee50859-75e2-4c62-aed8-4b9a88845c81
2024-08-21 20:07:39 - Sorry, this job is no longer available for job ID: 95783b3f-e5e6-4a04-a168-25bbf2bf51a1
2024-08-21 20:07:39 - Application already submitted for job ID: e3fb5ba0-bfa6-46a5-b13e-af44fca84c40
2024-08-21 20:07:39 - Application already submitted for job ID: 0142d28a-4571-469c-9659-be678a0793c1
2024-08-21 20:07:39 - Easy apply button found for job ID: 760e9eef-a868-4a3f-a1bf-4df614000cb4
2024-08-21 20:07:39 - Job with ID 760e9eef-a868-4a3f-a1bf-4df614000cb4 applied successfully.
2024-08-21 20:07:39 - Sorry, this job is no longer available for job ID: 8b640f44-602a-4c23-a471-a0feaf4b94ef
2024-08-21 20:10:34 - Sorry, this job is no longer available for job ID: 064ecfd4-873e-4313-a7f8-b63119c73ebd
2024-08-21 20:10:34 - Application already submitted for job ID: 14d759c0-8f43-4a9e-b070-e82af36d6eb5
2024-08-21 20:10:34 - Sorry, this job is no longer available for job ID: 06938962-c1d9-44ce-8863-7b00a1e37122
2024-08-21 20:10:34 - Application already submitted for job ID: 25906ad2-1702-43e1-95d4-30246452761d
2024-08-21 20:10:34 - Application already submitted for job ID: a8b2ccff-3683-437d-9ef2-2d8b77db1e16
2024-08-21 20:10:34 - Sorry, this job is no longer available for job ID: 6ee50859-75e2-4c62-aed8-4b9a88845c81
2024-08-21 20:10:34 - Sorry, this job is no longer available for job ID: 95783b3f-e5e6-4a04-a168-25bbf2bf51a1
2024-08-21 20:10:34 - Application already submitted for job ID: e3fb5ba0-bfa6-46a5-b13e-af44fca84c40
2024-08-21 20:10:34 - Application already submitted for job ID: 0142d28a-4571-469c-9659-be678a0793c1
2024-08-21 20:10:34 - Application already submitted for job ID: 760e9eef-a868-4a3f-a1bf-4df614000cb4
2024-08-21 20:10:34 - Sorry, this job is no longer available for job ID: 8b640f44-602a-4c23-a471-a0feaf4b94ef
2024-08-21 20:10:34 - Easy apply button found for job ID: 1e660e0e-7df6-4b2a-aed2-bc9f92cd5a1b
2024-08-21 20:10:34 - Job with ID 1e660e0e-7df6-4b2a-aed2-bc9f92cd5a1b applied successfully.
2024-08-21 20:10:34 - Easy apply button found for job ID: 07ccc109-c203-44ca-a063-509d237d6368
2024-08-21 20:10:34 - Job with ID 07ccc109-c203-44ca-a063-509d237d6368 applied successfully.
2024-08-21 20:10:34 - Application already submitted for job ID: 39a1a168-216d-4092-ad19-febe6790c82a
2024-08-21 20:10:34 - Easy apply button found for job ID: 2c702ff1-1e73-41d7-90e8-d6cfce5c1f6a
2024-08-21 20:10:34 - Job with ID 2c702ff1-1e73-41d7-90e8-d6cfce5c1f6a applied successfully.
2024-08-21 20:10:34 - Easy apply button found for job ID: 7c5e0e1f-a914-4de4-a933-9c6c6ff989a5
2024-08-21 20:10:34 - Job with ID 7c5e0e1f-a914-4de4-a933-9c6c6ff989a5 applied successfully.
2024-08-21 20:10:34 - Easy apply button found for job ID: f1a8ba09-d5c3-4b50-a2fa-84a6e5b3f9e2
2024-08-21 20:10:34 - Job with ID f1a8ba09-d5c3-4b50-a2fa-84a6e5b3f9e2 applied successfully.
2024-08-21 20:10:34 - Easy apply button found for job ID: 2f5b26a1-ecaa-434f-b36f-c5705496c329
2024-08-21 20:22:10 - Sorry, this job is no longer available for job ID: 064ecfd4-873e-4313-a7f8-b63119c73ebd
2024-08-21 20:22:10 - Application already submitted for job ID: 14d759c0-8f43-4a9e-b070-e82af36d6eb5
2024-08-21 20:22:10 - Sorry, this job is no longer available for job ID: 06938962-c1d9-44ce-8863-7b00a1e37122
2024-08-21 20:22:10 - Application already submitted for job ID: 25906ad2-1702-43e1-95d4-30246452761d
2024-08-21 20:23:06 - Sorry, this job is no longer available for job ID: 064ecfd4-873e-4313-a7f8-b63119c73ebd
2024-08-21 20:23:06 - Application already submitted for job ID: 14d759c0-8f43-4a9e-b070-e82af36d6eb5
2024-08-21 20:23:06 - Sorry, this job is no longer available for job ID: 06938962-c1d9-44ce-8863-7b00a1e37122
2024-08-21 20:23:06 - Application already submitted for job ID: 25906ad2-1702-43e1-95d4-30246452761d
2024-08-21 20:23:06 - Application already submitted for job ID: a8b2ccff-3683-437d-9ef2-2d8b77db1e16
2024-08-21 20:23:06 - Sorry, this job is no longer available for job ID: 6ee50859-75e2-4c62-aed8-4b9a88845c81
2024-08-21 20:23:06 - Sorry, this job is no longer available for job ID: 95783b3f-e5e6-4a04-a168-25bbf2bf51a1
2024-08-21 20:23:06 - Application already submitted for job ID: e3fb5ba0-bfa6-46a5-b13e-af44fca84c40
2024-08-21 20:23:06 - Application already submitted for job ID: 0142d28a-4571-469c-9659-be678a0793c1
2024-08-21 20:23:06 - Application already submitted for job ID: 760e9eef-a868-4a3f-a1bf-4df614000cb4
2024-08-21 20:23:06 - Sorry, this job is no longer available for job ID: 8b640f44-602a-4c23-a471-a0feaf4b94ef
2024-08-21 20:23:06 - Application already submitted for job ID: 1e660e0e-7df6-4b2a-aed2-bc9f92cd5a1b
2024-08-21 20:23:06 - Application already submitted for job ID: 07ccc109-c203-44ca-a063-509d237d6368
2024-08-21 20:23:06 - Application already submitted for job ID: 39a1a168-216d-4092-ad19-febe6790c82a
2024-08-21 20:26:02 - Sorry, this job is no longer available for job ID: 064ecfd4-873e-4313-a7f8-b63119c73ebd
2024-08-21 20:26:02 - Application already submitted for job ID: 14d759c0-8f43-4a9e-b070-e82af36d6eb5
2024-08-21 20:26:02 - Sorry, this job is no longer available for job ID: 06938962-c1d9-44ce-8863-7b00a1e37122
2024-08-21 20:26:02 - Application already submitted for job ID: 25906ad2-1702-43e1-95d4-30246452761d
2024-08-21 20:26:02 - Application already submitted for job ID: a8b2ccff-3683-437d-9ef2-2d8b77db1e16
2024-08-21 20:26:02 - Sorry, this job is no longer available for job ID: 6ee50859-75e2-4c62-aed8-4b9a88845c81
2024-08-21 20:26:02 - Sorry, this job is no longer available for job ID: 95783b3f-e5e6-4a04-a168-25bbf2bf51a1
2024-08-21 20:26:02 - Application already submitted for job ID: e3fb5ba0-bfa6-46a5-b13e-af44fca84c40
2024-08-21 20:26:02 - Application already submitted for job ID: 0142d28a-4571-469c-9659-be678a0793c1
2024-08-21 20:26:02 - Application already submitted for job ID: 760e9eef-a868-4a3f-a1bf-4df614000cb4
2024-08-21 20:26:02 - Sorry, this job is no longer available for job ID: 8b640f44-602a-4c23-a471-a0feaf4b94ef
2024-08-21 20:26:02 - Application already submitted for job ID: 1e660e0e-7df6-4b2a-aed2-bc9f92cd5a1b
2024-08-21 20:26:02 - Application already submitted for job ID: 07ccc109-c203-44ca-a063-509d237d6368
2024-08-21 20:26:02 - Application already submitted for job ID: 39a1a168-216d-4092-ad19-febe6790c82a
2024-08-21 20:26:02 - Application already submitted for job ID: 2c702ff1-1e73-41d7-90e8-d6cfce5c1f6a
2024-08-21 20:26:02 - Application already submitted for job ID: 7c5e0e1f-a914-4de4-a933-9c6c6ff989a5
2024-08-21 20:26:02 - Application already submitted for job ID: f1a8ba09-d5c3-4b50-a2fa-84a6e5b3f9e2
2024-08-21 20:26:02 - Easy apply button found for job ID: 2f5b26a1-ecaa-434f-b36f-c5705496c329
2024-08-21 20:30:53 - Sorry, this job is no longer available for job ID: 064ecfd4-873e-4313-a7f8-b63119c73ebd
2024-08-21 20:30:53 - Application already submitted for job ID: 14d759c0-8f43-4a9e-b070-e82af36d6eb5
2024-08-21 20:30:53 - Sorry, this job is no longer available for job ID: 06938962-c1d9-44ce-8863-7b00a1e37122
2024-08-21 20:30:53 - Application already submitted for job ID: 25906ad2-1702-43e1-95d4-30246452761d
2024-08-21 20:30:53 - Application already submitted for job ID: a8b2ccff-3683-437d-9ef2-2d8b77db1e16
2024-08-21 20:30:53 - Sorry, this job is no longer available for job ID: 6ee50859-75e2-4c62-aed8-4b9a88845c81
2024-08-21 20:30:53 - Sorry, this job is no longer available for job ID: 95783b3f-e5e6-4a04-a168-25bbf2bf51a1
2024-08-21 20:30:53 - Application already submitted for job ID: e3fb5ba0-bfa6-46a5-b13e-af44fca84c40
2024-08-21 20:30:53 - Application already submitted for job ID: 0142d28a-4571-469c-9659-be678a0793c1
2024-08-21 20:30:53 - Application already submitted for job ID: 760e9eef-a868-4a3f-a1bf-4df614000cb4
2024-08-21 20:30:53 - Sorry, this job is no longer available for job ID: 8b640f44-602a-4c23-a471-a0feaf4b94ef
2024-08-21 20:30:53 - Application already submitted for job ID: 1e660e0e-7df6-4b2a-aed2-bc9f92cd5a1b
2024-08-21 20:30:53 - Application already submitted for job ID: 07ccc109-c203-44ca-a063-509d237d6368
2024-08-21 20:30:53 - Application already submitted for job ID: 39a1a168-216d-4092-ad19-febe6790c82a
2024-08-21 20:30:53 - Application already submitted for job ID: 2c702ff1-1e73-41d7-90e8-d6cfce5c1f6a
2024-08-21 20:30:53 - Application already submitted for job ID: 7c5e0e1f-a914-4de4-a933-9c6c6ff989a5
2024-08-21 20:30:53 - Application already submitted for job ID: f1a8ba09-d5c3-4b50-a2fa-84a6e5b3f9e2
2024-08-21 20:30:53 - Application already submitted for job ID: 2f5b26a1-ecaa-434f-b36f-c5705496c329
2024-08-21 20:30:53 - Easy apply button found for job ID: 3b8e610e-2f7e-40e8-b9e4-fc7e68df006e
2024-08-21 20:30:53 - Job with ID 3b8e610e-2f7e-40e8-b9e4-fc7e68df006e applied successfully.
2024-08-21 20:30:53 - Easy apply button found for job ID: 9ac41a5f-dc5b-4043-b442-eb1e5e3b5b59
2024-08-21 20:30:53 - Job with ID 9ac41a5f-dc5b-4043-b442-eb1e5e3b5b59 applied successfully.
2024-08-21 20:36:43 - Easy apply button found for job ID: 11993337-1123-4103-a5e3-aa193feaf3ce
2024-08-21 20:36:43 - Job with ID 11993337-1123-4103-a5e3-aa193feaf3ce applied successfully.
2024-08-22 17:50:17 - Sorry, this job is no longer available for job ID: 064ecfd4-873e-4313-a7f8-b63119c73ebd
Total jobs applied for today: 0
2024-08-22 17:58:28 - Sorry, this job is no longer available for job ID: 064ecfd4-873e-4313-a7f8-b63119c73ebd
2024-08-22 17:58:28 - Sorry, this job is no longer available for job ID: 06938962-c1d9-44ce-8863-7b00a1e37122
2024-08-22 17:58:28 - Application already submitted for job ID: 25906ad2-1702-43e1-95d4-30246452761d
2024-08-22 17:58:28 - Application already submitted for job ID: a8b2ccff-3683-437d-9ef2-2d8b77db1e16
2024-08-22 17:58:28 - Sorry, this job is no longer available for job ID: 6ee50859-75e2-4c62-aed8-4b9a88845c81
2024-08-22 17:58:28 - Sorry, this job is no longer available for job ID: 95783b3f-e5e6-4a04-a168-25bbf2bf51a1
2024-08-22 17:58:28 - Application already submitted for job ID: e3fb5ba0-bfa6-46a5-b13e-af44fca84c40
2024-08-22 17:58:28 - Application already submitted for job ID: 0142d28a-4571-469c-9659-be678a0793c1
2024-08-22 17:58:28 - Application already submitted for job ID: 760e9eef-a868-4a3f-a1bf-4df614000cb4
2024-08-22 17:58:28 - Sorry, this job is no longer available for job ID: 8b640f44-602a-4c23-a471-a0feaf4b94ef
2024-08-22 17:58:28 - Application already submitted for job ID: 1e660e0e-7df6-4b2a-aed2-bc9f92cd5a1b
2024-08-22 17:58:28 - Application already submitted for job ID: 07ccc109-c203-44ca-a063-509d237d6368
2024-08-22 17:58:28 - Application already submitted for job ID: 39a1a168-216d-4092-ad19-febe6790c82a
2024-08-22 17:58:28 - Application already submitted for job ID: 2c702ff1-1e73-41d7-90e8-d6cfce5c1f6a
2024-08-22 17:58:28 - Application already submitted for job ID: 7c5e0e1f-a914-4de4-a933-9c6c6ff989a5
2024-08-22 17:58:28 - Application already submitted for job ID: f1a8ba09-d5c3-4b50-a2fa-84a6e5b3f9e2
2024-08-22 17:58:28 - Application already submitted for job ID: 2f5b26a1-ecaa-434f-b36f-c5705496c329
2024-08-22 17:58:28 - Application already submitted for job ID: 3b8e610e-2f7e-40e8-b9e4-fc7e68df006e
2024-08-22 17:58:28 - Application already submitted for job ID: 9ac41a5f-dc5b-4043-b442-eb1e5e3b5b59
2024-08-22 18:03:18 - Application already submitted for job ID: 11993337-1123-4103-a5e3-aa193feaf3ce
2024-08-22 18:03:18 - Easy apply button found for job ID: 6ecaa833-64aa-41ff-8e03-f3943824fca0
2024-08-22 18:03:18 - Job with ID 6ecaa833-64aa-41ff-8e03-f3943824fca0 applied successfully.
2024-08-22 18:03:18 - Easy apply button found for job ID: b3a01ea9-10ab-4d99-b10c-f47a7c39fc10
2024-08-22 18:03:18 - Job with ID b3a01ea9-10ab-4d99-b10c-f47a7c39fc10 applied successfully.
2024-08-22 18:03:18 - Sorry, this job is no longer available for job ID: 66140c6f-ee91-4b70-99b9-e8d9f587b99a
2024-08-22 18:03:18 - Easy apply button found for job ID: b2d08a62-8173-4e60-8bad-806c1461da86
2024-08-22 18:03:18 - Job with ID b2d08a62-8173-4e60-8bad-806c1461da86 applied successfully.
2024-08-22 18:03:18 - Easy apply button found for job ID: 4cb35e19-af25-42f3-a07e-64cb3ef5fa26
2024-08-22 18:03:18 - Job with ID 4cb35e19-af25-42f3-a07e-64cb3ef5fa26 applied successfully.
2024-08-22 18:03:18 - Easy apply button found for job ID: f827d3e9-ca5a-4a81-85c7-c521bc8d2f12
2024-08-22 18:03:18 - Job with ID f827d3e9-ca5a-4a81-85c7-c521bc8d2f12 applied successfully.
2024-08-22 18:03:18 - Easy apply button found for job ID: 0aa14358-8504-40cb-a470-b75413a81217
2024-08-22 18:03:18 - Job with ID 0aa14358-8504-40cb-a470-b75413a81217 applied successfully.
2024-08-22 18:03:18 - Sorry, this job is no longer available for job ID: f46f01aa-dc14-486a-870b-bce0b8b17f00
2024-08-22 18:03:18 - Easy apply button found for job ID: b5dcf33b-d99a-4eb9-935c-89271f894282
2024-08-22 18:03:18 - Job with ID b5dcf33b-d99a-4eb9-935c-89271f894282 applied successfully.
2024-08-22 18:03:18 - Easy apply button found for job ID: 1dbfc71f-ddcb-433b-953c-f46f47eddd58
2024-08-22 18:03:18 - Job with ID 1dbfc71f-ddcb-433b-953c-f46f47eddd58 applied successfully.
2024-08-22 18:03:18 - Sorry, this job is no longer available for job ID: a1edff49-5602-4d72-8efd-be75fcb2bfda
2024-08-22 18:03:18 - Easy apply button found for job ID: 11e39941-0743-49e3-bb35-77a58054bc96
2024-08-22 18:03:18 - Job with ID 11e39941-0743-49e3-bb35-77a58054bc96 applied successfully.
2024-08-22 18:03:18 - Easy apply button found for job ID: f7c74d6f-dd80-4c7f-abed-768b302cd29b
2024-08-22 18:03:18 - Job with ID f7c74d6f-dd80-4c7f-abed-768b302cd29b applied successfully.
2024-08-22 18:03:18 - Easy apply button found for job ID: fe821bc0-79b8-41f8-8c13-9d4dc63629e3
2024-08-22 18:03:18 - Job with ID fe821bc0-79b8-41f8-8c13-9d4dc63629e3 applied successfully.
2024-08-22 18:03:18 - Sorry, this job is no longer available for job ID: 38eb9ffe-c24b-45b0-b99e-96f39fa6c564
2024-08-22 18:03:18 - Sorry, this job is no longer available for job ID: ab466de5-e59b-49c4-bb34-857a8060e4f9
2024-08-22 18:03:18 - Easy apply button found for job ID: b9a2682f-0f19-4b13-a476-7a40ac764276
2024-08-22 18:03:18 - Job with ID b9a2682f-0f19-4b13-a476-7a40ac764276 applied successfully.
2024-08-22 18:03:18 - Sorry, this job is no longer available for job ID: ddea9abe-0aa8-4d2f-bd89-24f7857686f1
2024-08-22 18:03:18 - Easy apply button found for job ID: fb21268b-c221-4f05-9f85-026ab302ce35
2024-08-22 18:30:18 - Sorry, this job is no longer available for job ID: 064ecfd4-873e-4313-a7f8-b63119c73ebd
2024-08-22 18:30:18 - Application already submitted for job ID: 14d759c0-8f43-4a9e-b070-e82af36d6eb5
2024-08-22 18:30:18 - Sorry, this job is no longer available for job ID: 06938962-c1d9-44ce-8863-7b00a1e37122
2024-08-22 18:30:18 - Application already submitted for job ID: 25906ad2-1702-43e1-95d4-30246452761d
2024-08-22 18:30:18 - Application already submitted for job ID: a8b2ccff-3683-437d-9ef2-2d8b77db1e16
2024-08-22 18:30:18 - Sorry, this job is no longer available for job ID: 6ee50859-75e2-4c62-aed8-4b9a88845c81
2024-08-22 18:30:18 - Sorry, this job is no longer available for job ID: 95783b3f-e5e6-4a04-a168-25bbf2bf51a1
2024-08-22 18:30:18 - Application already submitted for job ID: e3fb5ba0-bfa6-46a5-b13e-af44fca84c40
2024-08-22 18:30:18 - Application already submitted for job ID: 760e9eef-a868-4a3f-a1bf-4df614000cb4
2024-08-22 18:30:18 - Sorry, this job is no longer available for job ID: 8b640f44-602a-4c23-a471-a0feaf4b94ef
2024-08-22 18:30:18 - Application already submitted for job ID: 1e660e0e-7df6-4b2a-aed2-bc9f92cd5a1b
2024-08-22 18:30:18 - Application already submitted for job ID: 07ccc109-c203-44ca-a063-509d237d6368
2024-08-22 18:30:18 - Application already submitted for job ID: 39a1a168-216d-4092-ad19-febe6790c82a
2024-08-22 18:30:18 - Application already submitted for job ID: 2c702ff1-1e73-41d7-90e8-d6cfce5c1f6a
2024-08-22 18:37:16 - Easy apply button found for job ID: 5c3c21ec-cce5-4ba2-a2ea-5ece63c1df97
2024-08-22 18:37:16 - Job with ID 5c3c21ec-cce5-4ba2-a2ea-5ece63c1df97 applied successfully.
2024-08-22 18:37:16 - Sorry, this job is no longer available for job ID: 3fe42fb6-3696-4792-9e14-43c76b9301fd
2024-08-22 18:37:16 - Sorry, this job is no longer available for job ID: f8a47598-75d5-4703-b75f-2505d174a824
2024-08-22 18:37:16 - Sorry, this job is no longer available for job ID: 4b57e21d-bb92-462a-94d9-3b363da299e6
2024-08-22 18:37:16 - Sorry, this job is no longer available for job ID: 026cad55-e4d9-4797-a2ff-8afebad33e45
2024-08-22 18:37:16 - Sorry, this job is no longer available for job ID: 8381cdc5-546c-417c-a699-df7e7d5f14a1
2024-08-22 18:37:16 - Sorry, this job is no longer available for job ID: b307ef1b-0aeb-408a-bcc4-133817560725
2024-08-22 18:37:16 - Sorry, this job is no longer available for job ID: f451ca2f-dade-4a49-864e-b566957b89a9
2024-08-22 18:37:16 - Easy apply button found for job ID: 56d1c33c-127a-46ea-bbde-627ff01e9a98
2024-08-22 18:37:16 - Job with ID 56d1c33c-127a-46ea-bbde-627ff01e9a98 applied successfully.
2024-08-22 18:37:16 - Sorry, this job is no longer available for job ID: 53163427-86b9-4fab-82fc-803e1b1650e3
2024-08-22 18:37:16 - Sorry, this job is no longer available for job ID: fadc1914-01c7-45c8-8c52-271790ce7f4a
2024-08-22 18:37:16 - Sorry, this job is no longer available for job ID: 7806baf9-fb31-40e7-92f2-85fe4f722472
2024-08-22 18:37:16 - Sorry, this job is no longer available for job ID: 87c6ae5a-474f-48b4-953c-9af063f9fa68
2024-08-22 18:37:16 - Easy apply button found for job ID: 2a0ec076-b4a2-4623-bdcd-dee673485c1e
2024-08-22 18:37:16 - Job with ID 2a0ec076-b4a2-4623-bdcd-dee673485c1e applied successfully.
2024-08-22 18:37:16 - Easy apply button found for job ID: e9292bac-2232-4830-8580-306d3a9c630e
2024-08-22 18:37:16 - Job with ID e9292bac-2232-4830-8580-306d3a9c630e applied successfully.
2024-08-22 18:37:16 - Easy apply button found for job ID: d065fe6d-1916-48b0-970a-a4e7f5155f56
2024-08-22 18:37:16 - Job with ID d065fe6d-1916-48b0-970a-a4e7f5155f56 applied successfully.
2024-08-22 18:37:16 - Easy apply button found for job ID: 786516aa-4fb2-469b-95c2-0c12be6223fd
2024-08-22 18:37:16 - Job with ID 786516aa-4fb2-469b-95c2-0c12be6223fd applied successfully.
2024-08-22 18:37:16 - Easy apply button found for job ID: 4323521e-211a-4b7f-90d5-e50dff451770
2024-08-22 18:37:16 - Job with ID 4323521e-211a-4b7f-90d5-e50dff451770 applied successfully.
2024-08-22 18:54:16 - Application already submitted for job ID: 5c3c21ec-cce5-4ba2-a2ea-5ece63c1df97
2024-08-22 18:54:16 - Sorry, this job is no longer available for job ID: 3fe42fb6-3696-4792-9e14-43c76b9301fd
2024-08-22 18:54:16 - Sorry, this job is no longer available for job ID: f8a47598-75d5-4703-b75f-2505d174a824
2024-08-22 18:54:16 - Sorry, this job is no longer available for job ID: 4b57e21d-bb92-462a-94d9-3b363da299e6
2024-08-22 18:54:16 - Sorry, this job is no longer available for job ID: 026cad55-e4d9-4797-a2ff-8afebad33e45
2024-08-22 18:54:16 - Sorry, this job is no longer available for job ID: 8381cdc5-546c-417c-a699-df7e7d5f14a1
2024-08-22 18:54:16 - Sorry, this job is no longer available for job ID: b307ef1b-0aeb-408a-bcc4-133817560725
2024-08-22 18:54:16 - Sorry, this job is no longer available for job ID: f451ca2f-dade-4a49-864e-b566957b89a9
2024-08-22 18:54:16 - Application already submitted for job ID: 56d1c33c-127a-46ea-bbde-627ff01e9a98
2024-08-22 18:54:16 - Sorry, this job is no longer available for job ID: 53163427-86b9-4fab-82fc-803e1b1650e3
2024-08-22 18:54:16 - Sorry, this job is no longer available for job ID: fadc1914-01c7-45c8-8c52-271790ce7f4a
2024-08-22 18:54:16 - Sorry, this job is no longer available for job ID: 7806baf9-fb31-40e7-92f2-85fe4f722472
2024-08-22 18:54:16 - Easy apply button found for job ID: d3d3538f-f023-4dc1-84f9-e64d65b0c759
2024-08-22 18:54:16 - Job with ID d3d3538f-f023-4dc1-84f9-e64d65b0c759 applied successfully.
2024-08-22 18:54:16 - Sorry, this job is no longer available for job ID: 87c6ae5a-474f-48b4-953c-9af063f9fa68
2024-08-22 18:54:16 - Application already submitted for job ID: 2a0ec076-b4a2-4623-bdcd-dee673485c1e
2024-08-22 18:54:16 - Application already submitted for job ID: e9292bac-2232-4830-8580-306d3a9c630e
2024-08-22 18:54:16 - Application already submitted for job ID: d065fe6d-1916-48b0-970a-a4e7f5155f56
2024-08-22 18:54:16 - Application already submitted for job ID: 786516aa-4fb2-469b-95c2-0c12be6223fd
2024-08-22 18:54:16 - Application already submitted for job ID: 4323521e-211a-4b7f-90d5-e50dff451770
2024-08-22 19:11:17 - Application already submitted for job ID: 5c3c21ec-cce5-4ba2-a2ea-5ece63c1df97
2024-08-22 19:11:17 - Sorry, this job is no longer available for job ID: 3fe42fb6-3696-4792-9e14-43c76b9301fd
2024-08-22 19:11:17 - Sorry, this job is no longer available for job ID: f8a47598-75d5-4703-b75f-2505d174a824
2024-08-22 19:11:17 - Sorry, this job is no longer available for job ID: 4b57e21d-bb92-462a-94d9-3b363da299e6
2024-08-22 19:11:17 - Sorry, this job is no longer available for job ID: 026cad55-e4d9-4797-a2ff-8afebad33e45
2024-08-22 19:11:17 - Sorry, this job is no longer available for job ID: 8381cdc5-546c-417c-a699-df7e7d5f14a1
2024-08-22 19:11:17 - Sorry, this job is no longer available for job ID: b307ef1b-0aeb-408a-bcc4-133817560725
2024-08-22 19:11:17 - Sorry, this job is no longer available for job ID: f451ca2f-dade-4a49-864e-b566957b89a9
2024-08-22 19:11:17 - Application already submitted for job ID: 56d1c33c-127a-46ea-bbde-627ff01e9a98
2024-08-22 19:11:17 - Easy apply button found for job ID: 7cd5e68a-2c89-4de8-bd44-f9a25f0c107a
2024-08-22 19:11:17 - Job with ID 7cd5e68a-2c89-4de8-bd44-f9a25f0c107a applied successfully.
2024-08-22 19:11:17 - Sorry, this job is no longer available for job ID: 53163427-86b9-4fab-82fc-803e1b1650e3
2024-08-22 19:11:17 - Sorry, this job is no longer available for job ID: fadc1914-01c7-45c8-8c52-271790ce7f4a
2024-08-22 19:11:17 - Sorry, this job is no longer available for job ID: 7806baf9-fb31-40e7-92f2-85fe4f722472
2024-08-22 19:11:17 - Application already submitted for job ID: d3d3538f-f023-4dc1-84f9-e64d65b0c759
2024-08-22 19:11:17 - Sorry, this job is no longer available for job ID: 87c6ae5a-474f-48b4-953c-9af063f9fa68
2024-08-22 19:11:17 - Application already submitted for job ID: 2a0ec076-b4a2-4623-bdcd-dee673485c1e
2024-08-22 19:11:17 - Application already submitted for job ID: e9292bac-2232-4830-8580-306d3a9c630e
2024-08-22 19:11:17 - Application already submitted for job ID: d065fe6d-1916-48b0-970a-a4e7f5155f56
2024-08-22 19:11:17 - Application already submitted for job ID: 786516aa-4fb2-469b-95c2-0c12be6223fd
2024-08-22 19:11:17 - Application already submitted for job ID: 4323521e-211a-4b7f-90d5-e50dff451770
2024-08-22 19:20:18 - Application already submitted for job ID: 5c3c21ec-cce5-4ba2-a2ea-5ece63c1df97
2024-08-22 19:20:18 - Sorry, this job is no longer available for job ID: 3fe42fb6-3696-4792-9e14-43c76b9301fd
2024-08-22 19:20:18 - Sorry, this job is no longer available for job ID: f8a47598-75d5-4703-b75f-2505d174a824
2024-08-22 19:20:18 - Sorry, this job is no longer available for job ID: 4b57e21d-bb92-462a-94d9-3b363da299e6
2024-08-22 19:20:18 - Sorry, this job is no longer available for job ID: 026cad55-e4d9-4797-a2ff-8afebad33e45
2024-08-22 19:20:18 - Sorry, this job is no longer available for job ID: 8381cdc5-546c-417c-a699-df7e7d5f14a1
2024-08-22 19:20:18 - Sorry, this job is no longer available for job ID: b307ef1b-0aeb-408a-bcc4-133817560725
2024-08-22 19:20:18 - Sorry, this job is no longer available for job ID: f451ca2f-dade-4a49-864e-b566957b89a9
2024-08-22 19:20:18 - Application already submitted for job ID: 56d1c33c-127a-46ea-bbde-627ff01e9a98
2024-08-22 19:20:18 - Application already submitted for job ID: 7cd5e68a-2c89-4de8-bd44-f9a25f0c107a
2024-08-22 19:20:18 - Sorry, this job is no longer available for job ID: 53163427-86b9-4fab-82fc-803e1b1650e3
2024-08-22 19:20:18 - Sorry, this job is no longer available for job ID: fadc1914-01c7-45c8-8c52-271790ce7f4a
2024-08-22 19:20:18 - Sorry, this job is no longer available for job ID: 7806baf9-fb31-40e7-92f2-85fe4f722472
2024-08-22 19:20:18 - Application already submitted for job ID: d3d3538f-f023-4dc1-84f9-e64d65b0c759
2024-08-22 19:20:18 - Sorry, this job is no longer available for job ID: 87c6ae5a-474f-48b4-953c-9af063f9fa68
2024-08-22 19:20:18 - Application already submitted for job ID: 2a0ec076-b4a2-4623-bdcd-dee673485c1e
2024-08-22 19:20:18 - Application already submitted for job ID: e9292bac-2232-4830-8580-306d3a9c630e
2024-08-22 19:20:18 - Application already submitted for job ID: d065fe6d-1916-48b0-970a-a4e7f5155f56
2024-08-22 19:20:18 - Application already submitted for job ID: 786516aa-4fb2-469b-95c2-0c12be6223fd
2024-08-22 19:20:18 - Application already submitted for job ID: 4323521e-211a-4b7f-90d5-e50dff451770
2024-08-22 19:41:17 - Application already submitted for job ID: 5c3c21ec-cce5-4ba2-a2ea-5ece63c1df97
2024-08-22 19:41:17 - Sorry, this job is no longer available for job ID: 3fe42fb6-3696-4792-9e14-43c76b9301fd
2024-08-22 19:41:17 - Sorry, this job is no longer available for job ID: f8a47598-75d5-4703-b75f-2505d174a824
2024-08-22 19:41:17 - Sorry, this job is no longer available for job ID: 4b57e21d-bb92-462a-94d9-3b363da299e6
2024-08-22 19:41:17 - Sorry, this job is no longer available for job ID: 026cad55-e4d9-4797-a2ff-8afebad33e45
2024-08-22 19:41:17 - Sorry, this job is no longer available for job ID: 8381cdc5-546c-417c-a699-df7e7d5f14a1
2024-08-22 19:41:17 - Sorry, this job is no longer available for job ID: b307ef1b-0aeb-408a-bcc4-133817560725
2024-08-22 19:41:17 - Sorry, this job is no longer available for job ID: f451ca2f-dade-4a49-864e-b566957b89a9
2024-08-22 19:41:17 - Application already submitted for job ID: 56d1c33c-127a-46ea-bbde-627ff01e9a98
2024-08-22 19:41:17 - Sorry, this job is no longer available for job ID: 53163427-86b9-4fab-82fc-803e1b1650e3
2024-08-22 19:41:17 - Sorry, this job is no longer available for job ID: fadc1914-01c7-45c8-8c52-271790ce7f4a
2024-08-22 19:41:17 - Sorry, this job is no longer available for job ID: 7806baf9-fb31-40e7-92f2-85fe4f722472
2024-08-22 19:41:17 - Application already submitted for job ID: d3d3538f-f023-4dc1-84f9-e64d65b0c759
2024-08-22 19:41:17 - Sorry, this job is no longer available for job ID: 87c6ae5a-474f-48b4-953c-9af063f9fa68
2024-08-22 19:41:17 - Application already submitted for job ID: e9292bac-2232-4830-8580-306d3a9c630e
2024-08-22 19:41:17 - Application already submitted for job ID: d065fe6d-1916-48b0-970a-a4e7f5155f56
2024-08-22 19:41:17 - Application already submitted for job ID: 786516aa-4fb2-469b-95c2-0c12be6223fd
2024-08-22 19:41:17 - Application already submitted for job ID: 4323521e-211a-4b7f-90d5-e50dff451770
2024-08-22 19:47:17 - Application already submitted for job ID: 5c3c21ec-cce5-4ba2-a2ea-5ece63c1df97
2024-08-22 19:47:17 - Sorry, this job is no longer available for job ID: 3fe42fb6-3696-4792-9e14-43c76b9301fd
2024-08-22 19:47:17 - Sorry, this job is no longer available for job ID: f8a47598-75d5-4703-b75f-2505d174a824
2024-08-22 19:47:17 - Sorry, this job is no longer available for job ID: 4b57e21d-bb92-462a-94d9-3b363da299e6
2024-08-22 19:47:17 - Sorry, this job is no longer available for job ID: 026cad55-e4d9-4797-a2ff-8afebad33e45
2024-08-22 19:47:17 - Sorry, this job is no longer available for job ID: 8381cdc5-546c-417c-a699-df7e7d5f14a1
2024-08-22 19:47:17 - Sorry, this job is no longer available for job ID: b307ef1b-0aeb-408a-bcc4-133817560725
2024-08-22 19:47:17 - Sorry, this job is no longer available for job ID: f451ca2f-dade-4a49-864e-b566957b89a9
2024-08-22 19:47:17 - Application already submitted for job ID: 56d1c33c-127a-46ea-bbde-627ff01e9a98
2024-08-22 19:47:17 - Application already submitted for job ID: 7cd5e68a-2c89-4de8-bd44-f9a25f0c107a
2024-08-22 19:47:17 - Sorry, this job is no longer available for job ID: 53163427-86b9-4fab-82fc-803e1b1650e3
2024-08-22 19:47:17 - Sorry, this job is no longer available for job ID: fadc1914-01c7-45c8-8c52-271790ce7f4a
2024-08-22 19:47:17 - Sorry, this job is no longer available for job ID: 7806baf9-fb31-40e7-92f2-85fe4f722472
2024-08-22 19:47:17 - Application already submitted for job ID: d3d3538f-f023-4dc1-84f9-e64d65b0c759
2024-08-22 19:47:17 - Sorry, this job is no longer available for job ID: 87c6ae5a-474f-48b4-953c-9af063f9fa68
2024-08-22 19:47:17 - Application already submitted for job ID: 2a0ec076-b4a2-4623-bdcd-dee673485c1e
2024-08-22 19:47:17 - Application already submitted for job ID: e9292bac-2232-4830-8580-306d3a9c630e
2024-08-22 19:47:17 - Application already submitted for job ID: d065fe6d-1916-48b0-970a-a4e7f5155f56
2024-08-22 19:47:17 - Application already submitted for job ID: 786516aa-4fb2-469b-95c2-0c12be6223fd
2024-08-22 19:47:17 - Application already submitted for job ID: 4323521e-211a-4b7f-90d5-e50dff451770
2024-08-22 20:18:17 - Application already submitted for job ID: 5c3c21ec-cce5-4ba2-a2ea-5ece63c1df97
2024-08-22 20:18:17 - Sorry, this job is no longer available for job ID: 3fe42fb6-3696-4792-9e14-43c76b9301fd
2024-08-22 20:18:17 - Sorry, this job is no longer available for job ID: f8a47598-75d5-4703-b75f-2505d174a824
2024-08-22 20:18:17 - Sorry, this job is no longer available for job ID: 4b57e21d-bb92-462a-94d9-3b363da299e6
2024-08-22 20:18:17 - Sorry, this job is no longer available for job ID: 026cad55-e4d9-4797-a2ff-8afebad33e45
2024-08-22 20:18:17 - Sorry, this job is no longer available for job ID: 8381cdc5-546c-417c-a699-df7e7d5f14a1
2024-08-22 20:18:17 - Sorry, this job is no longer available for job ID: b307ef1b-0aeb-408a-bcc4-133817560725
2024-08-22 20:18:17 - Sorry, this job is no longer available for job ID: f451ca2f-dade-4a49-864e-b566957b89a9
2024-08-22 20:18:17 - Application already submitted for job ID: 56d1c33c-127a-46ea-bbde-627ff01e9a98
2024-08-22 20:18:17 - Application already submitted for job ID: 7cd5e68a-2c89-4de8-bd44-f9a25f0c107a
2024-08-22 20:18:17 - Sorry, this job is no longer available for job ID: 53163427-86b9-4fab-82fc-803e1b1650e3
2024-08-22 20:18:17 - Sorry, this job is no longer available for job ID: fadc1914-01c7-45c8-8c52-271790ce7f4a
2024-08-22 20:18:17 - Sorry, this job is no longer available for job ID: 7806baf9-fb31-40e7-92f2-85fe4f722472
2024-08-22 20:18:17 - Application already submitted for job ID: d3d3538f-f023-4dc1-84f9-e64d65b0c759
2024-08-22 20:18:17 - Sorry, this job is no longer available for job ID: 87c6ae5a-474f-48b4-953c-9af063f9fa68
2024-08-22 20:18:17 - Application already submitted for job ID: 2a0ec076-b4a2-4623-bdcd-dee673485c1e
2024-08-22 20:18:17 - Application already submitted for job ID: e9292bac-2232-4830-8580-306d3a9c630e
2024-08-22 20:18:17 - Application already submitted for job ID: d065fe6d-1916-48b0-970a-a4e7f5155f56
2024-08-22 20:18:17 - Application already submitted for job ID: 786516aa-4fb2-469b-95c2-0c12be6223fd
2024-08-22 20:18:17 - Application already submitted for job ID: 4323521e-211a-4b7f-90d5-e50dff451770
